-- The C compiler identification is GNU 13.3.0
-- The CXX compiler identification is GNU 13.3.0
-- Detecting C compiler ABI info
-- Detecting C compiler ABI info - done
-- Check for working C compiler: /usr/bin/cc - skipped
-- Detecting C compile features
-- Detecting C compile features - done
-- Detecting CXX compiler ABI info
-- Detecting CXX compiler ABI info - done
-- Check for working CXX compiler: /usr/bin/c++ - skipped
-- Detecting CXX compile features
-- Detecting CXX compile features - done
-- Found ament_cmake: 2.5.5 (/opt/ros/jazzy/share/ament_cmake/cmake)
-- Found Python3: /usr/bin/python3 (found version "3.12.3") found components: Interpreter 
-- Override CMake install command with custom implementation using symlinks instead of copying resources
-- Found ament_lint_auto: 0.17.4 (/opt/ros/jazzy/share/ament_lint_auto/cmake)
-- Added test 'lint_cmake' to check CMake code style
-- Added test 'xmllint' to check XML markup files
-- Configuring done (1.0s)
-- Generating done (0.0s)
-- Build files have been written to: /home/juza/humanoid_ws/build/humanoid_vlm_bridge
-- Install configuration: ""
-- Execute custom install script
-- Symlinking: /home/juza/humanoid_ws/install/humanoid_vlm_bridge/share/ament_index/resource_index/package_run_dependencies/humanoid_vlm_bridge
-- Symlinking: /home/juza/humanoid_ws/install/humanoid_vlm_bridge/share/ament_index/resource_index/parent_prefix_path/humanoid_vlm_bridge
-- Symlinking: /home/juza/humanoid_ws/install/humanoid_vlm_bridge/share/humanoid_vlm_bridge/environment/ament_prefix_path.sh
-- Symlinking: /home/juza/humanoid_ws/install/humanoid_vlm_bridge/share/humanoid_vlm_bridge/environment/ament_prefix_path.dsv
-- Symlinking: /home/juza/humanoid_ws/install/humanoid_vlm_bridge/share/humanoid_vlm_bridge/environment/path.sh
-- Symlinking: /home/juza/humanoid_ws/install/humanoid_vlm_bridge/share/humanoid_vlm_bridge/environment/path.dsv
-- Symlinking: /home/juza/humanoid_ws/install/humanoid_vlm_bridge/share/humanoid_vlm_bridge/local_setup.bash
-- Symlinking: /home/juza/humanoid_ws/install/humanoid_vlm_bridge/share/humanoid_vlm_bridge/local_setup.sh
-- Symlinking: /home/juza/humanoid_ws/install/humanoid_vlm_bridge/share/humanoid_vlm_bridge/local_setup.zsh
-- Symlinking: /home/juza/humanoid_ws/install/humanoid_vlm_bridge/share/humanoid_vlm_bridge/local_setup.dsv
-- Symlinking: /home/juza/humanoid_ws/install/humanoid_vlm_bridge/share/humanoid_vlm_bridge/package.dsv
-- Symlinking: /home/juza/humanoid_ws/install/humanoid_vlm_bridge/share/ament_index/resource_index/packages/humanoid_vlm_bridge
-- Symlinking: /home/juza/humanoid_ws/install/humanoid_vlm_bridge/share/humanoid_vlm_bridge/cmake/humanoid_vlm_bridgeConfig.cmake
-- Symlinking: /home/juza/humanoid_ws/install/humanoid_vlm_bridge/share/humanoid_vlm_bridge/cmake/humanoid_vlm_bridgeConfig-version.cmake
-- Symlinking: /home/juza/humanoid_ws/install/humanoid_vlm_bridge/share/humanoid_vlm_bridge/package.xml
