[0.004s] Invoking command in '/home/juza/humanoid_ws/build/humanoid_vlm_bridge': DEBUGINFOD_URLS=https://debuginfod.ubuntu.com /usr/bin/cmake /home/juza/humanoid_ws/src/humanoid_vlm_bridge -DAMENT_CMAKE_SYMLINK_INSTALL=1 -DCMAKE_INSTALL_PREFIX=/home/juza/humanoid_ws/install/humanoid_vlm_bridge
[0.267s] -- The C compiler identification is GNU 13.3.0
[0.451s] -- The CXX compiler identification is GNU 13.3.0
[0.467s] -- Detecting C compiler ABI info
[0.563s] -- Detecting C compiler ABI info - done
[0.570s] -- Check for working C compiler: /usr/bin/cc - skipped
[0.571s] -- Detecting C compile features
[0.572s] -- Detecting C compile features - done
[0.584s] -- Detecting CXX compiler ABI info
[0.680s] -- Detecting CXX compiler ABI info - done
[0.686s] -- Check for working CXX compiler: /usr/bin/c++ - skipped
[0.686s] -- Detecting CXX compile features
[0.686s] -- Detecting CXX compile features - done
[0.731s] -- Found ament_cmake: 2.5.5 (/opt/ros/jazzy/share/ament_cmake/cmake)
[0.844s] -- Found Python3: /usr/bin/python3 (found version "3.12.3") found components: Interpreter 
[0.889s] -- Override CMake install command with custom implementation using symlinks instead of copying resources
[0.915s] -- Found ament_lint_auto: 0.17.4 (/opt/ros/jazzy/share/ament_lint_auto/cmake)
[0.979s] -- Added test 'lint_cmake' to check CMake code style
[0.980s] -- Added test 'xmllint' to check XML markup files
[0.981s] -- Configuring done (1.0s)
[0.983s] -- Generating done (0.0s)
[0.983s] -- Build files have been written to: /home/juza/humanoid_ws/build/humanoid_vlm_bridge
[0.986s] Invoked command in '/home/juza/humanoid_ws/build/humanoid_vlm_bridge' returned '0': DEBUGINFOD_URLS=https://debuginfod.ubuntu.com /usr/bin/cmake /home/juza/humanoid_ws/src/humanoid_vlm_bridge -DAMENT_CMAKE_SYMLINK_INSTALL=1 -DCMAKE_INSTALL_PREFIX=/home/juza/humanoid_ws/install/humanoid_vlm_bridge
[0.987s] Invoking command in '/home/juza/humanoid_ws/build/humanoid_vlm_bridge': DEBUGINFOD_URLS=https://debuginfod.ubuntu.com /usr/bin/cmake --build /home/juza/humanoid_ws/build/humanoid_vlm_bridge -- -j28 -l28
[1.010s] Invoked command in '/home/juza/humanoid_ws/build/humanoid_vlm_bridge' returned '0': DEBUGINFOD_URLS=https://debuginfod.ubuntu.com /usr/bin/cmake --build /home/juza/humanoid_ws/build/humanoid_vlm_bridge -- -j28 -l28
[1.015s] Invoking command in '/home/juza/humanoid_ws/build/humanoid_vlm_bridge': DEBUGINFOD_URLS=https://debuginfod.ubuntu.com /usr/bin/cmake --install /home/juza/humanoid_ws/build/humanoid_vlm_bridge
[1.019s] -- Install configuration: ""
[1.019s] -- Execute custom install script
[1.019s] -- Symlinking: /home/juza/humanoid_ws/install/humanoid_vlm_bridge/share/ament_index/resource_index/package_run_dependencies/humanoid_vlm_bridge
[1.024s] -- Symlinking: /home/juza/humanoid_ws/install/humanoid_vlm_bridge/share/ament_index/resource_index/parent_prefix_path/humanoid_vlm_bridge
[1.029s] -- Symlinking: /home/juza/humanoid_ws/install/humanoid_vlm_bridge/share/humanoid_vlm_bridge/environment/ament_prefix_path.sh
[1.034s] -- Symlinking: /home/juza/humanoid_ws/install/humanoid_vlm_bridge/share/humanoid_vlm_bridge/environment/ament_prefix_path.dsv
[1.038s] -- Symlinking: /home/juza/humanoid_ws/install/humanoid_vlm_bridge/share/humanoid_vlm_bridge/environment/path.sh
[1.045s] -- Symlinking: /home/juza/humanoid_ws/install/humanoid_vlm_bridge/share/humanoid_vlm_bridge/environment/path.dsv
[1.052s] -- Symlinking: /home/juza/humanoid_ws/install/humanoid_vlm_bridge/share/humanoid_vlm_bridge/local_setup.bash
[1.058s] -- Symlinking: /home/juza/humanoid_ws/install/humanoid_vlm_bridge/share/humanoid_vlm_bridge/local_setup.sh
[1.063s] -- Symlinking: /home/juza/humanoid_ws/install/humanoid_vlm_bridge/share/humanoid_vlm_bridge/local_setup.zsh
[1.067s] -- Symlinking: /home/juza/humanoid_ws/install/humanoid_vlm_bridge/share/humanoid_vlm_bridge/local_setup.dsv
[1.072s] -- Symlinking: /home/juza/humanoid_ws/install/humanoid_vlm_bridge/share/humanoid_vlm_bridge/package.dsv
[1.078s] -- Symlinking: /home/juza/humanoid_ws/install/humanoid_vlm_bridge/share/ament_index/resource_index/packages/humanoid_vlm_bridge
[1.082s] -- Symlinking: /home/juza/humanoid_ws/install/humanoid_vlm_bridge/share/humanoid_vlm_bridge/cmake/humanoid_vlm_bridgeConfig.cmake
[1.087s] -- Symlinking: /home/juza/humanoid_ws/install/humanoid_vlm_bridge/share/humanoid_vlm_bridge/cmake/humanoid_vlm_bridgeConfig-version.cmake
[1.093s] -- Symlinking: /home/juza/humanoid_ws/install/humanoid_vlm_bridge/share/humanoid_vlm_bridge/package.xml
[1.103s] Invoked command in '/home/juza/humanoid_ws/build/humanoid_vlm_bridge' returned '0': DEBUGINFOD_URLS=https://debuginfod.ubuntu.com /usr/bin/cmake --install /home/juza/humanoid_ws/build/humanoid_vlm_bridge
