[0.005s] Invoking command in '/home/juza/humanoid_ws/build/humanoid_vlm_bridge': DEBUGINFOD_URLS=https://debuginfod.ubuntu.com /usr/bin/cmake --build /home/juza/humanoid_ws/build/humanoid_vlm_bridge -- -j28 -l28
[0.033s] Invoked command in '/home/juza/humanoid_ws/build/humanoid_vlm_bridge' returned '0': DEBUGINFOD_URLS=https://debuginfod.ubuntu.com /usr/bin/cmake --build /home/juza/humanoid_ws/build/humanoid_vlm_bridge -- -j28 -l28
[0.040s] Invoking command in '/home/juza/humanoid_ws/build/humanoid_vlm_bridge': DEBUGINFOD_URLS=https://debuginfod.ubuntu.com /usr/bin/cmake --install /home/juza/humanoid_ws/build/humanoid_vlm_bridge
[0.044s] -- Install configuration: ""
[0.044s] -- Execute custom install script
[0.044s] -- Up-to-date symlink: /home/juza/humanoid_ws/install/humanoid_vlm_bridge/share/ament_index/resource_index/package_run_dependencies/humanoid_vlm_bridge
[0.044s] -- Up-to-date symlink: /home/juza/humanoid_ws/install/humanoid_vlm_bridge/share/ament_index/resource_index/parent_prefix_path/humanoid_vlm_bridge
[0.044s] -- Up-to-date symlink: /home/juza/humanoid_ws/install/humanoid_vlm_bridge/share/humanoid_vlm_bridge/environment/ament_prefix_path.sh
[0.045s] -- Up-to-date symlink: /home/juza/humanoid_ws/install/humanoid_vlm_bridge/share/humanoid_vlm_bridge/environment/ament_prefix_path.dsv
[0.045s] -- Up-to-date symlink: /home/juza/humanoid_ws/install/humanoid_vlm_bridge/share/humanoid_vlm_bridge/environment/path.sh
[0.045s] -- Up-to-date symlink: /home/juza/humanoid_ws/install/humanoid_vlm_bridge/share/humanoid_vlm_bridge/environment/path.dsv
[0.045s] -- Up-to-date symlink: /home/juza/humanoid_ws/install/humanoid_vlm_bridge/share/humanoid_vlm_bridge/local_setup.bash
[0.045s] -- Up-to-date symlink: /home/juza/humanoid_ws/install/humanoid_vlm_bridge/share/humanoid_vlm_bridge/local_setup.sh
[0.045s] -- Up-to-date symlink: /home/juza/humanoid_ws/install/humanoid_vlm_bridge/share/humanoid_vlm_bridge/local_setup.zsh
[0.045s] -- Up-to-date symlink: /home/juza/humanoid_ws/install/humanoid_vlm_bridge/share/humanoid_vlm_bridge/local_setup.dsv
[0.045s] -- Symlinking: /home/juza/humanoid_ws/install/humanoid_vlm_bridge/share/humanoid_vlm_bridge/package.dsv
[0.051s] -- Up-to-date symlink: /home/juza/humanoid_ws/install/humanoid_vlm_bridge/share/ament_index/resource_index/packages/humanoid_vlm_bridge
[0.051s] -- Up-to-date symlink: /home/juza/humanoid_ws/install/humanoid_vlm_bridge/share/humanoid_vlm_bridge/cmake/humanoid_vlm_bridgeConfig.cmake
[0.051s] -- Up-to-date symlink: /home/juza/humanoid_ws/install/humanoid_vlm_bridge/share/humanoid_vlm_bridge/cmake/humanoid_vlm_bridgeConfig-version.cmake
[0.051s] -- Up-to-date symlink: /home/juza/humanoid_ws/install/humanoid_vlm_bridge/share/humanoid_vlm_bridge/package.xml
[0.052s] Invoked command in '/home/juza/humanoid_ws/build/humanoid_vlm_bridge' returned '0': DEBUGINFOD_URLS=https://debuginfod.ubuntu.com /usr/bin/cmake --install /home/juza/humanoid_ws/build/humanoid_vlm_bridge
